<?xml version="1.0" encoding="UTF-8"?>
<testng-results ignored="0" total="1" passed="1" failed="0" skipped="0">
  <reporter-output>
  </reporter-output>
  <suite started-at="2022-06-23T13:04:12 MSK" name="Carina Demo Tests - Hello World" finished-at="2022-06-23T13:04:13 MSK" duration-ms="240">
    <groups>
    </groups>
    <test started-at="2022-06-23T13:04:12 MSK" name="Hello World test" finished-at="2022-06-23T13:04:13 MSK" duration-ms="240">
      <class name="com.solvd.laba.carina.demo.HelloWorld">
        <test-method signature="helloWorld()[pri:0, instance:com.solvd.laba.carina.demo.HelloWorld@2f7d8a7c]" started-at="2022-06-23T13:04:12 MSK" name="helloWorld" finished-at="2022-06-23T13:04:13 MSK" duration-ms="80" status="PASS">
          <reporter-output>
          </reporter-output>
        </test-method> <!-- helloWorld -->
      </class> <!-- com.solvd.laba.carina.demo.HelloWorld -->
    </test> <!-- Hello World test -->
  </suite> <!-- Carina Demo Tests - Hello World -->
</testng-results>
