<?xml version="1.0" encoding="UTF-8"?>
<testsuite xmlns:xsi="http://www.w3.org/2001/XMLSchema-instance" xsi:noNamespaceSchemaLocation="https://maven.apache.org/surefire/maven-surefire-plugin/xsd/surefire-test-report-3.0.xsd" version="3.0" name="TestSuite" time="3.374" tests="1" errors="0" skipped="0" failures="0">
  <properties>
[...]
</properties>
  <testcase name="helloWorld" classname="com.solvd.laba.carina.demo.HelloWorld" time="0.08">
    <system-out><![CDATA[2022-06-23 13:04:10 CarinaListener [main] [INFO] 
============= Test configuration =============
url=https://www.gsmarena.com
env=DEMO
max_driver_count=3
proxy_protocols=http,https,ftp
browsermob_port=0
auto_screenshot=true
explicit_timeout=20
retry_interval=5
project_report_directory=./reports
max_screen_history=10
big_screen_width=-1
big_screen_height=-1
init_retry_count=0
init_retry_interval=1
retry_count=0
locale=en_US
thread_count=-1
data_provider_thread_count=-1
core_log_level=INFO
log_all_json=true
date_format=HH:mm:ss yyyy-MM-dd
time_format=HH:mm:ss
test_naming_pattern={method_name}
element_loading_strategy=BY_PRESENCE_OR_VISIBILITY
page_opening_strategy=BY_URL_AND_ELEMENT
localization_encoding=UTF-8
localization_testing=false
default_device_timezone=GMT
default_device_time_format=24
default_device_language=en_US
selenium_url=

------------- Driver capabilities -----------
================================================

2022-06-23 13:04:10 TestRunRegistrar [main-1] [WARN] Reporting disabled: using no op test run registrar
2022-06-23 13:04:12 Reflections [main-1] [INFO] Reflections took 1593 ms to scan 8 urls, producing 2383 keys and 11624 values 
2022-06-23 13:04:12 FilterTestsListener [main-1] [INFO] There are no any rules and limitations
2022-06-23 13:04:12 CarinaListener [main-1] [INFO] Set thread-count=1
2022-06-23 13:04:12 CarinaListener [main-1] [INFO] Set data-provider-thread-count=1
2022-06-23 13:04:12 CarinaListener [main-1] [INFO] CARINA_CORE_VERSION: 7.3.20
2022-06-23 13:04:12 TestRunRegistrar [main-1] [WARN] Reporting disabled: using no op test run registrar
2022-06-23 13:04:13 TestRunRegistrar [TestNG-test=Hello World test-1] [WARN] Reporting disabled: using no op test run registrar
2022-06-23 13:04:13 Messager [TestNG-test=Hello World test-1-21] [INFO] TEST [Hello World test - helloWorld] STARTED at [13:04:13 2022-06-23]
2022-06-23 13:04:13 HelloWorld [TestNG-test=Hello World test-1-21] [INFO] Hello World!
]]></system-out>
  </testcase>
</testsuite>